<?xml version="1.0" encoding="UTF-8"?>
<!-- Generated by org.testng.reporters.JUnitXMLReporter -->
<testsuite hostname="LAPTOP-JVNL5G83" ignored="0" name="Carbonite Test" tests="8" failures="3" timestamp="07 Aug 2020 05:04:09 GMT" time="84.608" errors="0">
  <testcase name="@BeforeMethod setup" time="13.17" classname="com.crb.tests.Tc_SignIn_002">
    <failure type="org.openqa.selenium.NoSuchElementException" message="no such element: Unable to locate element: {&amp;quot;method&amp;quot;:&amp;quot;xpath&amp;quot;,&amp;quot;selector&amp;quot;:&amp;quot;//a[@id=&amp;apos;util-nave-sign-in&amp;apos;]&amp;quot;}
  (Session info: chrome=84.0.4147.105)
For documentation on this error, please visit: http://seleniumhq.org/exceptions/no_such_element.html
Build info: version: &amp;apos;3.14.0&amp;apos;, revision: &amp;apos;aacccce0&amp;apos;, time: &amp;apos;2018-08-02T20:19:58.91Z&amp;apos;
System info: host: &amp;apos;LAPTOP-JVNL5G83&amp;apos;, ip: &amp;apos;192.168.99.1&amp;apos;, os.name: &amp;apos;Windows 10&amp;apos;, os.arch: &amp;apos;amd64&amp;apos;, os.version: &amp;apos;10.0&amp;apos;, java.version: &amp;apos;1.8.0_151&amp;apos;
Driver info: org.openqa.selenium.chrome.ChromeDriver
Capabilities {acceptInsecureCerts: false, browserName: chrome, browserVersion: 84.0.4147.105, chrome: {chromedriverVersion: 83.0.4103.39 (ccbf011cb2d2b..., userDataDir: C:\Users\Owner\AppData\Loca...}, goog:chromeOptions: {debuggerAddress: localhost:51299}, javascriptEnabled: true, networkConnectionEnabled: false, pageLoadStrategy: normal, platform: WINDOWS, platformName: WINDOWS, proxy: Proxy(), setWindowRect: true, strictFileInteractability: false, timeouts: {implicit: 0, pageLoad: 300000, script: 30000}, unhandledPromptBehavior: dismiss and notify, webauthn:virtualAuthenticators: true}
Session ID: 27c5508da8e01f47b34285ae638a14da
*** Element info: {Using=xpath, value=//a[@id=&amp;apos;util-nave-sign-in&amp;apos;]}">
      <![CDATA[org.openqa.selenium.NoSuchElementException: no such element: Unable to locate element: {"method":"xpath","selector":"//a[@id='util-nave-sign-in']"}
  (Session info: chrome=84.0.4147.105)
For documentation on this error, please visit: http://seleniumhq.org/exceptions/no_such_element.html
Build info: version: '3.14.0', revision: 'aacccce0', time: '2018-08-02T20:19:58.91Z'
System info: host: 'LAPTOP-JVNL5G83', ip: '192.168.99.1', os.name: 'Windows 10', os.arch: 'amd64', os.version: '10.0', java.version: '1.8.0_151'
Driver info: org.openqa.selenium.chrome.ChromeDriver
Capabilities {acceptInsecureCerts: false, browserName: chrome, browserVersion: 84.0.4147.105, chrome: {chromedriverVersion: 83.0.4103.39 (ccbf011cb2d2b..., userDataDir: C:\Users\Owner\AppData\Loca...}, goog:chromeOptions: {debuggerAddress: localhost:51299}, javascriptEnabled: true, networkConnectionEnabled: false, pageLoadStrategy: normal, platform: WINDOWS, platformName: WINDOWS, proxy: Proxy(), setWindowRect: true, strictFileInteractability: false, timeouts: {implicit: 0, pageLoad: 300000, script: 30000}, unhandledPromptBehavior: dismiss and notify, webauthn:virtualAuthenticators: true}
Session ID: 27c5508da8e01f47b34285ae638a14da
*** Element info: {Using=xpath, value=//a[@id='util-nave-sign-in']}
at org.openqa.selenium.remote.http.W3CHttpResponseCodec.createException(W3CHttpResponseCodec.java:187)
at org.openqa.selenium.remote.http.W3CHttpResponseCodec.decode(W3CHttpResponseCodec.java:122)
at org.openqa.selenium.remote.http.W3CHttpResponseCodec.decode(W3CHttpResponseCodec.java:49)
at org.openqa.selenium.remote.HttpCommandExecutor.execute(HttpCommandExecutor.java:158)
at org.openqa.selenium.remote.service.DriverCommandExecutor.execute(DriverCommandExecutor.java:83)
at org.openqa.selenium.remote.RemoteWebDriver.execute(RemoteWebDriver.java:548)
at org.openqa.selenium.remote.RemoteWebDriver.findElement(RemoteWebDriver.java:322)
at org.openqa.selenium.remote.RemoteWebDriver.findElementByXPath(RemoteWebDriver.java:424)
at org.openqa.selenium.By$ByXPath.findElement(By.java:353)
at org.openqa.selenium.remote.RemoteWebDriver.findElement(RemoteWebDriver.java:314)
at org.openqa.selenium.support.pagefactory.DefaultElementLocator.findElement(DefaultElementLocator.java:69)
at org.openqa.selenium.support.pagefactory.internal.LocatingElementHandler.invoke(LocatingElementHandler.java:38)
at com.sun.proxy.$Proxy11.click(Unknown Source)
at com.crb.pages.SignUpPage.click_signIn(SignUpPage.java:120)
at com.crb.tests.Tc_SignIn_002.setup(Tc_SignIn_002.java:27)
... Removed 32 stack frames]]>
    </failure>
  </testcase> <!-- @BeforeMethod setup -->
  <testcase name="@AfterMethod tearDown" time="0.0" classname="com.crb.tests.Tc_SignIn_002">
    <skipped/>
  </testcase> <!-- @AfterMethod tearDown -->
  <testcase name="signUpPageTitleTest" time="0.02" classname="com.crb.tests.Tc_SignUp_001"/>
  <testcase name="signUpPageTitleTest" time="0.0" classname="com.crb.tests.Tc_SignIn_002">
    <skipped/>
  </testcase> <!-- signUpPageTitleTest -->
  <testcase name="validateSignUpFormTest" time="0.969" classname="com.crb.tests.Tc_SignUp_001"/>
  <testcase name="validateSignUpFormTest" time="1.036" classname="com.crb.tests.Tc_SignUp_001">
    <failure type="java.lang.AssertionError" message="Email doesn&amp;apos;t match confirm Email expected [true] but found [false]">
      <![CDATA[java.lang.AssertionError: Email doesn't match confirm Email expected [true] but found [false]
at com.crb.tests.Tc_SignUp_001.validateSignUpFormTest(Tc_SignUp_001.java:57)
... Removed 28 stack frames]]>
    </failure>
  </testcase> <!-- validateSignUpFormTest -->
  <testcase name="validateSignUpFormTest" time="0.895" classname="com.crb.tests.Tc_SignUp_001">
    <failure type="java.lang.AssertionError" message="Password doesn&amp;apos;t match confirm Password expected [true] but found [false]">
      <![CDATA[java.lang.AssertionError: Password doesn't match confirm Password expected [true] but found [false]
at com.crb.tests.Tc_SignUp_001.validateSignUpFormTest(Tc_SignUp_001.java:61)
... Removed 28 stack frames]]>
    </failure>
  </testcase> <!-- validateSignUpFormTest -->
  <testcase name="validateSignUpFormTest" time="1.298" classname="com.crb.tests.Tc_SignUp_001"/>
  <testcase name="validateSignUpFormTest" time="0.975" classname="com.crb.tests.Tc_SignUp_001"/>
  <testcase name="validateSignUpFormTest" time="0.959" classname="com.crb.tests.Tc_SignUp_001">
    <failure type="java.lang.AssertionError" message="Password doesn&amp;apos;t match confirm Password expected [true] but found [false]">
      <![CDATA[java.lang.AssertionError: Password doesn't match confirm Password expected [true] but found [false]
at com.crb.tests.Tc_SignUp_001.validateSignUpFormTest(Tc_SignUp_001.java:61)
... Removed 28 stack frames]]>
    </failure>
  </testcase> <!-- validateSignUpFormTest -->
</testsuite> <!-- Carbonite Test -->
