<?xml version="1.0" encoding="UTF-8"?>
<!-- Generated by org.testng.reporters.JUnitXMLReporter -->
<testsuite hostname="DESKTOP-2NMONGR" ignored="0" name="Carbonite Test" tests="7" failures="2" timestamp="21 Jun 2020 04:32:53 GMT" time="79.455" errors="0">
  <testcase name="@BeforeMethod setup" time="35.403" classname="com.crb.tests.Tc_SignUp_001">
    <failure type="org.openqa.selenium.WebDriverException" message="chrome not reachable
  (Session info: chrome=83.0.4103.106)
Build info: version: &amp;apos;3.14.0&amp;apos;, revision: &amp;apos;aacccce0&amp;apos;, time: &amp;apos;2018-08-02T20:19:58.91Z&amp;apos;
System info: host: &amp;apos;DESKTOP-2NMONGR&amp;apos;, ip: &amp;apos;192.168.0.17&amp;apos;, os.name: &amp;apos;Windows 10&amp;apos;, os.arch: &amp;apos;amd64&amp;apos;, os.version: &amp;apos;10.0&amp;apos;, java.version: &amp;apos;1.8.0_251&amp;apos;
Driver info: org.openqa.selenium.chrome.ChromeDriver
Capabilities {acceptInsecureCerts: false, browserName: chrome, browserVersion: 83.0.4103.106, chrome: {chromedriverVersion: 83.0.4103.39 (ccbf011cb2d2b..., userDataDir: C:\Users\HITESH~1\AppData\L...}, goog:chromeOptions: {debuggerAddress: localhost:63496}, javascriptEnabled: true, networkConnectionEnabled: false, pageLoadStrategy: normal, platform: WINDOWS, platformName: WINDOWS, proxy: Proxy(), setWindowRect: true, strictFileInteractability: false, timeouts: {implicit: 0, pageLoad: 300000, script: 30000}, unhandledPromptBehavior: dismiss and notify, webauthn:virtualAuthenticators: true}
Session ID: 84f1c5589d67cfc31f06e29231b5c342">
      <![CDATA[org.openqa.selenium.WebDriverException: chrome not reachable
  (Session info: chrome=83.0.4103.106)
Build info: version: '3.14.0', revision: 'aacccce0', time: '2018-08-02T20:19:58.91Z'
System info: host: 'DESKTOP-2NMONGR', ip: '192.168.0.17', os.name: 'Windows 10', os.arch: 'amd64', os.version: '10.0', java.version: '1.8.0_251'
Driver info: org.openqa.selenium.chrome.ChromeDriver
Capabilities {acceptInsecureCerts: false, browserName: chrome, browserVersion: 83.0.4103.106, chrome: {chromedriverVersion: 83.0.4103.39 (ccbf011cb2d2b..., userDataDir: C:\Users\HITESH~1\AppData\L...}, goog:chromeOptions: {debuggerAddress: localhost:63496}, javascriptEnabled: true, networkConnectionEnabled: false, pageLoadStrategy: normal, platform: WINDOWS, platformName: WINDOWS, proxy: Proxy(), setWindowRect: true, strictFileInteractability: false, timeouts: {implicit: 0, pageLoad: 300000, script: 30000}, unhandledPromptBehavior: dismiss and notify, webauthn:virtualAuthenticators: true}
Session ID: 84f1c5589d67cfc31f06e29231b5c342
at org.openqa.selenium.remote.http.W3CHttpResponseCodec.createException(W3CHttpResponseCodec.java:187)
at org.openqa.selenium.remote.http.W3CHttpResponseCodec.decode(W3CHttpResponseCodec.java:122)
at org.openqa.selenium.remote.http.W3CHttpResponseCodec.decode(W3CHttpResponseCodec.java:49)
at org.openqa.selenium.remote.HttpCommandExecutor.execute(HttpCommandExecutor.java:158)
at org.openqa.selenium.remote.service.DriverCommandExecutor.execute(DriverCommandExecutor.java:83)
at org.openqa.selenium.remote.RemoteWebDriver.execute(RemoteWebDriver.java:548)
at org.openqa.selenium.remote.RemoteWebDriver.execute(RemoteWebDriver.java:605)
at org.openqa.selenium.remote.RemoteWebDriver$RemoteWebDriverOptions.deleteAllCookies(RemoteWebDriver.java:690)
at com.crb.base.BasePage.initialize(BasePage.java:52)
at com.crb.tests.Tc_SignUp_001.setup(Tc_SignUp_001.java:34)
... Removed 36 stack frames]]>
    </failure>
  </testcase> <!-- @BeforeMethod setup -->
  <testcase name="@AfterMethod tearDown" time="0.0" classname="com.crb.tests.Tc_SignUp_001">
    <skipped/>
  </testcase> <!-- @AfterMethod tearDown -->
  <testcase name="@BeforeMethod setup" time="0.0" classname="com.crb.tests.Tc_SignUp_001">
    <skipped/>
  </testcase> <!-- @BeforeMethod setup -->
  <testcase name="@AfterMethod tearDown" time="0.0" classname="com.crb.tests.Tc_SignUp_001">
    <skipped/>
  </testcase> <!-- @AfterMethod tearDown -->
  <testcase name="@BeforeMethod setup" time="0.0" classname="com.crb.tests.Tc_SignUp_001">
    <skipped/>
  </testcase> <!-- @BeforeMethod setup -->
  <testcase name="@AfterMethod tearDown" time="0.0" classname="com.crb.tests.Tc_SignUp_001">
    <skipped/>
  </testcase> <!-- @AfterMethod tearDown -->
  <testcase name="signUpPageTitleTest" time="0.008" classname="com.crb.tests.Tc_SignUp_001"/>
  <testcase name="validateSignUpFormTest" time="1.032" classname="com.crb.tests.Tc_SignUp_001"/>
  <testcase name="validateSignUpFormTest" time="1.053" classname="com.crb.tests.Tc_SignUp_001">
    <failure type="java.lang.AssertionError" message="Email doesn&amp;apos;t match confirm Email expected [true] but found [false]">
      <![CDATA[java.lang.AssertionError: Email doesn't match confirm Email expected [true] but found [false]
at com.crb.tests.Tc_SignUp_001.validateSignUpFormTest(Tc_SignUp_001.java:61)
... Removed 32 stack frames]]>
    </failure>
  </testcase> <!-- validateSignUpFormTest -->
  <testcase name="validateSignUpFormTest" time="0.868" classname="com.crb.tests.Tc_SignUp_001">
    <failure type="java.lang.AssertionError" message="Password doesn&amp;apos;t match confirm Password expected [true] but found [false]">
      <![CDATA[java.lang.AssertionError: Password doesn't match confirm Password expected [true] but found [false]
at com.crb.tests.Tc_SignUp_001.validateSignUpFormTest(Tc_SignUp_001.java:65)
... Removed 32 stack frames]]>
    </failure>
  </testcase> <!-- validateSignUpFormTest -->
  <testcase name="validateSignUpFormTest" time="0.0" classname="com.crb.tests.Tc_SignUp_001">
    <skipped/>
  </testcase> <!-- validateSignUpFormTest -->
  <testcase name="validateSignUpFormTest" time="0.0" classname="com.crb.tests.Tc_SignUp_001">
    <skipped/>
  </testcase> <!-- validateSignUpFormTest -->
  <testcase name="validateSignUpFormTest" time="0.0" classname="com.crb.tests.Tc_SignUp_001">
    <skipped/>
  </testcase> <!-- validateSignUpFormTest -->
</testsuite> <!-- Carbonite Test -->
